<?xml version="1.0" encoding="UTF-8"?>
<testsuite xmlns:xsi="http://www.w3.org/2001/XMLSchema-instance" xsi:noNamespaceSchemaLocation="https://maven.apache.org/surefire/maven-surefire-plugin/xsd/surefire-test-report-3.0.xsd" version="3.0" name="com.lazyresponse.executor.ExecutionPlannerTest" time="0.202" tests="6" errors="0" skipped="0" failures="0">
  <properties>
[...]
</properties>
  <testcase name="stageOrdering_parentsBeforeChildren" classname="com.lazyresponse.executor.ExecutionPlannerTest" time="0.125"/>
  <testcase name="unknownTemplateKey_ignored_planContainsOnlyKnown" classname="com.lazyresponse.executor.ExecutionPlannerTest" time="0.022"/>
  <testcase name="payment_inTemplate_autoIncludesOrder" classname="com.lazyresponse.executor.ExecutionPlannerTest" time="0.011"/>
  <testcase name="onlyRequestedDownstreams_inPlan" classname="com.lazyresponse.executor.ExecutionPlannerTest" time="0.01"/>
  <testcase name="maxWidth_reflectsWidestStage" classname="com.lazyresponse.executor.ExecutionPlannerTest" time="0.011"/>
  <testcase name="emptyTemplate_producesEmptyPlan" classname="com.lazyresponse.executor.ExecutionPlannerTest" time="0.006"/>
</testsuite>