<?xml version="1.0" encoding="UTF-8"?>
<testsuite xmlns:xsi="http://www.w3.org/2001/XMLSchema-instance" xsi:noNamespaceSchemaLocation="https://maven.apache.org/surefire/maven-surefire-plugin/xsd/surefire-test-report-3.0.xsd" version="3.0" name="com.lazyresponse.demo.WarningsEndpointTest" time="2.09" tests="2" errors="0" skipped="0" failures="0">
  <properties>
[...]
</properties>
  <testcase name="slowDownstream_exceedsSoftThreshold_warningInMeta" classname="com.lazyresponse.demo.WarningsEndpointTest" time="0.29">
    <system-out><![CDATA[  .   ____          _            __ _ _
 /\\ / ___'_ __ _ _(_)_ __  __ _ \ \ \ \
( ( )\___ | '_ | '_| | '_ \/ _` | \ \ \ \
 \\/  ___)| |_)| | | | | || (_| |  ) ) ) )
  '  |____| .__|_| |_|_| |_\__, | / / / /
 =========|_|==============|___/=/_/_/_/

 :: Spring Boot ::                (v3.3.0)

2026-04-08T10:21:12.006+05:30  INFO 20280 --- [lazy-response-demo] [           main] c.l.demo.WarningsEndpointTest            : Starting WarningsEndpointTest using Java 21.0.10 with PID 20280 (started by Kaushik in C:\Users\Kaushik\IdeaProjects\lazy-response-framework\lazy-response-demo)
2026-04-08T10:21:12.006+05:30 DEBUG 20280 --- [lazy-response-demo] [           main] c.l.demo.WarningsEndpointTest            : Running with Spring Boot v3.3.0, Spring v6.1.8
2026-04-08T10:21:12.006+05:30  INFO 20280 --- [lazy-response-demo] [           main] c.l.demo.WarningsEndpointTest            : No active profile set, falling back to 1 default profile: "default"
2026-04-08T10:21:12.769+05:30  WARN 20280 --- [lazy-response-demo] [           main] .s.s.UserDetailsServiceAutoConfiguration : 

Using generated security password: d992642d-e6dd-4ecc-8a87-a03503c91887

This generated password is for development use only. Your security configuration must be updated before running your application in production.

2026-04-08T10:21:12.796+05:30  INFO 20280 --- [lazy-response-demo] [           main] r$InitializeUserDetailsManagerConfigurer : Global AuthenticationManager configured with UserDetailsService bean with name inMemoryUserDetailsManager
2026-04-08T10:21:13.099+05:30  INFO 20280 --- [lazy-response-demo] [           main] o.s.s.web.DefaultSecurityFilterChain     : Will secure any request with [org.springframework.security.web.session.DisableEncodeUrlFilter@5afbbf9b, org.springframework.security.web.context.request.async.WebAsyncManagerIntegrationFilter@4f7bc9a3, org.springframework.security.web.context.SecurityContextHolderFilter@26fee641, org.springframework.security.web.header.HeaderWriterFilter@39153b05, org.springframework.web.filter.CorsFilter@544faa01, org.springframework.security.web.authentication.logout.LogoutFilter@76ac3ad0, org.springframework.security.web.savedrequest.RequestCacheAwareFilter@32fb4a87, org.springframework.security.web.servletapi.SecurityContextHolderAwareRequestFilter@37ecc472, org.springframework.security.web.authentication.AnonymousAuthenticationFilter@cf933b1, org.springframework.security.web.access.ExceptionTranslationFilter@3dc70aa0, org.springframework.security.web.access.intercept.AuthorizationFilter@5a004dd4]
2026-04-08T10:21:13.456+05:30 DEBUG 20280 --- [lazy-response-demo] [           main] c.l.filter.RequestBodyCachingFilter      : Filter 'requestBodyCachingFilter' configured for use
2026-04-08T10:21:13.458+05:30  INFO 20280 --- [lazy-response-demo] [           main] o.s.b.t.m.w.SpringBootMockServletContext : Initializing Spring TestDispatcherServlet ''
2026-04-08T10:21:13.458+05:30  INFO 20280 --- [lazy-response-demo] [           main] o.s.t.web.servlet.TestDispatcherServlet  : Initializing Servlet ''
2026-04-08T10:21:13.458+05:30  INFO 20280 --- [lazy-response-demo] [           main] o.s.t.web.servlet.TestDispatcherServlet  : Completed initialization in 0 ms
2026-04-08T10:21:13.532+05:30  INFO 20280 --- [lazy-response-demo] [           main] c.l.demo.WarningsEndpointTest            : Started WarningsEndpointTest in 1.658 seconds (process running for 42.23)
]]></system-out>
  </testcase>
  <testcase name="fastDownstream_underSoftThreshold_noWarning" classname="com.lazyresponse.demo.WarningsEndpointTest" time="0.06"/>
</testsuite>